2023-05-29 17:17:16,189 - INFO - ====== WebDriver manager ======
2023-05-29 17:17:16,231 - INFO - Get LATEST chromedriver version for google-chrome 111.0.5563
2023-05-29 17:17:16,622 - INFO - About to download new driver from https://chromedriver.storage.googleapis.com/111.0.5563.64/chromedriver_linux64.zip
2023-05-29 17:17:17,410 - INFO - Driver has been saved in cache [/home/jhonnyrv/.wdm/drivers/chromedriver/linux64/111.0.5563]
2023-05-29 17:54:13,194 - INFO - Se han extraido un total de 356 enlaces de imagenes.
2023-05-31 18:52:58,053 - INFO - ====== WebDriver manager ======
2023-05-31 18:52:58,102 - INFO - Get LATEST chromedriver version for google-chrome 111.0.5563
2023-05-31 18:52:58,631 - INFO - About to download new driver from https://chromedriver.storage.googleapis.com/111.0.5563.64/chromedriver_linux64.zip
2023-05-31 18:52:59,391 - INFO - Driver has been saved in cache [/home/jhonnyrv/.wdm/drivers/chromedriver/linux64/111.0.5563]
2023-05-31 18:56:29,245 - INFO - ====== WebDriver manager ======
2023-05-31 18:56:29,305 - INFO - Get LATEST chromedriver version for google-chrome 111.0.5563
2023-05-31 18:56:29,522 - INFO - Driver [/home/jhonnyrv/.wdm/drivers/chromedriver/linux64/111.0.5563/chromedriver] found in cache
2023-05-31 19:08:08,542 - INFO - Se han extraido un total de 2554 enlaces de imagenes.
2023-06-01 11:13:48,909 - INFO - ====== WebDriver manager ======
2023-06-01 11:13:48,958 - INFO - Get LATEST chromedriver version for google-chrome 111.0.5563
2023-06-01 11:13:49,354 - INFO - About to download new driver from https://chromedriver.storage.googleapis.com/111.0.5563.64/chromedriver_linux64.zip
2023-06-01 11:13:50,088 - INFO - Driver has been saved in cache [/home/jhonnyrv/.wdm/drivers/chromedriver/linux64/111.0.5563]
2024-07-30 20:52:10,226 - INFO - Note: NumExpr detected 12 cores but "NUMEXPR_MAX_THREADS" not set, so enforcing safe limit of 8.
2024-07-30 20:52:10,229 - INFO - NumExpr defaulting to 8 threads.
2024-07-30 20:52:13,409 - INFO - ====== WebDriver manager ======
2024-07-30 20:52:15,829 - INFO - Get LATEST chromedriver version for google-chrome
2024-07-30 20:52:16,299 - INFO - Get LATEST chromedriver version for google-chrome
2024-07-30 20:52:16,686 - INFO - There is no [win64] chromedriver "126.0.6478.182" for browser google-chrome "126.0.6478" in cache
2024-07-30 20:52:16,687 - INFO - Get LATEST chromedriver version for google-chrome
2024-07-30 20:52:18,168 - INFO - WebDriver version 126.0.6478.182 selected
2024-07-30 20:52:18,171 - INFO - Modern chrome version https://storage.googleapis.com/chrome-for-testing-public/126.0.6478.182/win32/chromedriver-win32.zip
2024-07-30 20:52:18,172 - INFO - About to download new driver from https://storage.googleapis.com/chrome-for-testing-public/126.0.6478.182/win32/chromedriver-win32.zip
2024-07-30 20:52:18,931 - INFO - Driver downloading response is 200
2024-07-30 20:53:59,839 - INFO - Get LATEST chromedriver version for google-chrome
2024-07-30 20:54:00,410 - INFO - Driver has been saved in cache [C:\Users\Usuario\.wdm\drivers\chromedriver\win64\126.0.6478.182]
2024-07-30 20:54:52,347 - INFO - ====== WebDriver manager ======
2024-07-30 20:54:54,688 - INFO - Get LATEST chromedriver version for google-chrome
2024-07-30 20:54:55,180 - INFO - Get LATEST chromedriver version for google-chrome
2024-07-30 20:54:55,576 - INFO - Driver [C:\Users\Usuario\.wdm\drivers\chromedriver\win64\126.0.6478.182\chromedriver-win32/chromedriver.exe] found in cache
